<?xml version="1.0" encoding="UTF-8"?>
<!-- Generated by org.testng.reporters.JUnitXMLReporter -->
<testsuite ignored="0" hostname="DESKTOP-9VMNN2G" failures="1" tests="7" name="Surefire test" time="0.068" errors="0" timestamp="2021-01-06T22:42:27 IST">
  <testcase classname="TestNG.DataProviderTest" name="demo" time="0.004"/>
  <testcase classname="TestNG.DataProviderTest" name="demo" time="0.001"/>
  <testcase classname="TestNG.DataProviderTest" name="demo" time="0.001"/>
  <testcase classname="TestNG.DataProviderTest" name="demo" time="0.001"/>
  <testcase classname="TestNG.DataProviderTest" name="demo" time="0.0"/>
  <testcase classname="TestNG.ParametersDemoTest" name="demo" time="0.0">
    <failure type="org.testng.TestNGException" message="
Parameter &amp;apos;browser&amp;apos; is required by @Test on method demo but has not been marked @Optional or defined
">
      <![CDATA[org.testng.TestNGException: 
Parameter 'browser' is required by @Test on method demo but has not been marked @Optional or defined

at java.base/java.util.ArrayList.forEach(ArrayList.java:1541)
... Removed 31 stack frames]]>
    </failure>
  </testcase> <!-- demo -->
  <testcase classname="TestNG.PropertiesTest" name="demo" time="0.001"/>
</testsuite> <!-- Surefire test -->
